<?xml version="1.0" encoding="UTF-8"?>
<!-- Generated by org.testng.reporters.JUnitReportReporter -->
<testsuite hostname="LAPTOP-ONCUKSB1" failures="0" tests="4" name="day2.rest.assured.DifferentWaysToCreatePOSTRequestBody" time="2.135" errors="0" timestamp="2023-10-08T17:23:49 IST" skipped="0">
  <testcase classname="day2.rest.assured.DifferentWaysToCreatePOSTRequestBody" name="postByJSONorg" time="0.092"/>
  <system-out/>
  <testcase classname="day2.rest.assured.DifferentWaysToCreatePOSTRequestBody" name="postByHashMap" time="1.844"/>
  <system-out/>
  <testcase classname="day2.rest.assured.DifferentWaysToCreatePOSTRequestBody" name="postByJSONFile" time="0.106"/>
  <system-out/>
  <testcase classname="day2.rest.assured.DifferentWaysToCreatePOSTRequestBody" name="postByPOJO" time="0.093"/>
  <system-out/>
</testsuite> <!-- day2.rest.assured.DifferentWaysToCreatePOSTRequestBody -->
