<?xml version="1.0" encoding="UTF-8"?>
<!-- Generated by org.testng.reporters.JUnitReportReporter -->
<testsuite hostname="LAPTOP-ONCUKSB1" failures="0" tests="5" name="day3.rest.assured.PathAndQueyParameters" time="4.274" errors="0" timestamp="2023-10-14T20:40:32 IST" skipped="0">
  <testcase classname="day3.rest.assured.PathAndQueyParameters" name="headersValidation" time="1.872"/>
  <system-out/>
  <testcase classname="day3.rest.assured.PathAndQueyParameters" name="pathAndQueryParameters" time="0.105"/>
  <system-out/>
  <testcase classname="day3.rest.assured.PathAndQueyParameters" name="multipleFiltersForAPI" time="0.775"/>
  <system-out/>
  <testcase classname="day3.rest.assured.PathAndQueyParameters" name="listAllCookies" time="0.911"/>
  <system-out/>
  <testcase classname="day3.rest.assured.PathAndQueyParameters" name="validateCookies" time="0.611"/>
  <system-out/>
</testsuite> <!-- day3.rest.assured.PathAndQueyParameters -->
