<?xml version="1.0" encoding="UTF-8"?>
<!-- Generated by org.testng.reporters.JUnitReportReporter -->
<testsuite hostname="LAPTOP-ONCUKSB1" failures="0" tests="1" name="day6.rest.assured.JSONSchemaValidation" time="1.550" errors="0" timestamp="2023-10-15T13:28:33 IST" skipped="0">
  <testcase classname="day6.rest.assured.JSONSchemaValidation" name="jsonSchemaValidation" time="1.550"/>
  <system-out/>
</testsuite> <!-- day6.rest.assured.JSONSchemaValidation -->
