<?xml version="1.0" encoding="UTF-8"?>
<!-- Generated by org.testng.reporters.JUnitReportReporter -->
<testsuite hostname="LAPTOP-ONCUKSB1" failures="0" tests="4" name="day1.rest.assured.HttpRequests" time="3.327" errors="0" timestamp="2023-10-08T12:41:28 IST" skipped="0">
  <testcase classname="day1.rest.assured.HttpRequests" name="getUsers" time="1.860"/>
  <system-out/>
  <testcase classname="day1.rest.assured.HttpRequests" name="createUser" time="0.702"/>
  <system-out/>
  <testcase classname="day1.rest.assured.HttpRequests" name="updateUser" time="0.398"/>
  <system-out/>
  <testcase classname="day1.rest.assured.HttpRequests" name="deleteUser" time="0.367"/>
  <system-out/>
</testsuite> <!-- day1.rest.assured.HttpRequests -->
