<?xml version="1.0" encoding="UTF-8"?>
<!-- Generated by org.testng.reporters.JUnitReportReporter -->
<testsuite hostname="LAPTOP-ONCUKSB1" failures="0" tests="1" name="day6.rest.assured.SerializationAndDeserialization" time="1.212" errors="0" timestamp="2023-10-15T16:04:47 IST" skipped="0">
  <testcase classname="day6.rest.assured.SerializationAndDeserialization" name="deserializeResponse" time="1.212"/>
  <system-out/>
</testsuite> <!-- day6.rest.assured.SerializationAndDeserialization -->
