<?xml version="1.0" encoding="UTF-8"?>
<!-- Generated by org.testng.reporters.JUnitReportReporter -->
<testsuite hostname="LAPTOP-ONCUKSB1" failures="0" tests="1" name="day8.rest.assured.UpdateUser" time="1.134" errors="0" timestamp="2023-10-17T11:56:06 IST" skipped="0">
  <testcase classname="day8.rest.assured.UpdateUser" name="updateUser" time="1.134"/>
  <system-out/>
</testsuite> <!-- day8.rest.assured.UpdateUser -->
