<?xml version="1.0" encoding="UTF-8"?>
<!-- Generated by org.testng.reporters.JUnitReportReporter -->
<testsuite hostname="LAPTOP-ONCUKSB1" failures="0" tests="2" name="day7.rest.assured.Authentication" time="2.098" errors="0" timestamp="2023-10-16T11:13:56 IST" skipped="0">
  <testcase classname="day7.rest.assured.Authentication" name="OAuth2Auth" time="1.536"/>
  <system-out/>
  <testcase classname="day7.rest.assured.Authentication" name="bearerAuth" time="0.562"/>
  <system-out/>
</testsuite> <!-- day7.rest.assured.Authentication -->
