<?xml version="1.0" encoding="UTF-8"?>
<!-- Generated by org.testng.reporters.JUnitReportReporter -->
<testsuite hostname="LAPTOP-ONCUKSB1" failures="0" tests="2" name="day4.rest.assured.ParsingJSONResponse" time="2.082" errors="0" timestamp="2023-10-15T10:32:16 IST" skipped="0">
  <testcase classname="day4.rest.assured.ParsingJSONResponse" name="getFieldArray" time="1.960"/>
  <system-out/>
  <testcase classname="day4.rest.assured.ParsingJSONResponse" name="validateNumberOfItemPerPage" time="0.122"/>
  <system-out/>
</testsuite> <!-- day4.rest.assured.ParsingJSONResponse -->
