<?xml version="1.0" encoding="UTF-8"?>
<!-- Generated by org.testng.reporters.JUnitReportReporter -->
<testsuite hostname="LAPTOP-ONCUKSB1" failures="0" tests="2" name="day5.rest.assured.ParsingXMLResponse" time="1.880" errors="0" timestamp="2023-10-15T11:36:11 IST" skipped="0">
  <testcase classname="day5.rest.assured.ParsingXMLResponse" name="validationWithXMLPath" time="0.239"/>
  <system-out/>
  <testcase classname="day5.rest.assured.ParsingXMLResponse" name="validateWithoutCapturingResponse" time="1.641"/>
  <system-out/>
</testsuite> <!-- day5.rest.assured.ParsingXMLResponse -->
